<?xml version="1.0" encoding="UTF-8"?>
<!-- Generated by org.testng.reporters.JUnitXMLReporter -->
<testsuite hostname="Satyajit-PC" name="Test" tests="1" failures="1" timestamp="16 Jan 2016 13:11:46 GMT" time="0.422" errors="0">
  <testcase name="projectandcustomer" time="0.078" classname="com.actitime.projectandcustomer.projectAndCustomerTest">
    <failure type="java.io.FileNotFoundException" message="Satyajit.xlsx (The system cannot find the file specified)">
      <![CDATA[java.io.FileNotFoundException: Satyajit.xlsx (The system cannot find the file specified)
	at java.io.FileInputStream.open0(Native Method)
	at java.io.FileInputStream.open(Unknown Source)
	at java.io.FileInputStream.<init>(Unknown Source)
	at java.io.FileInputStream.<init>(Unknown Source)
	at com.actitime.genericLib.Excellib.getExcelRowdata(Excellib.java:23)
	at com.actitime.projectandcustomer.projectAndCustomerTest.projectandcustomer(projectAndCustomerTest.java:27)
... Removed 24 stack frames]]>
    </failure>
  </testcase> <!-- projectandcustomer -->
</testsuite> <!-- Test -->
